# JRE version: OpenJDK Runtime Environment (8.0_181-b13) (build 1.8.0_181-b13)
# Java VM: OpenJDK 64-Bit Server VM (25.181-b13 mixed mode linux-amd64 compressed oops)
Heap:
 PSYoungGen      total 170496K, used 14328K [0x00000000e0000000, 0x00000000eb480000, 0x0000000100000000)
  eden space 156160K, 0% used [0x00000000e0000000,0x00000000e0000000,0x00000000e9880000)
  from space 14336K, 99% used [0x00000000e9880000,0x00000000ea67e370,0x00000000ea680000)
  to   space 11776K, 0% used [0x00000000ea900000,0x00000000ea900000,0x00000000eb480000)
 ParOldGen       total 50176K, used 34753K [0x00000000a0000000, 0x00000000a3100000, 0x00000000e0000000)
  object space 50176K, 69% used [0x00000000a0000000,0x00000000a21f06b8,0x00000000a3100000)
 Metaspace       used 55675K, capacity 57218K, committed 57560K, reserved 1099776K
  class space    used 7494K, capacity 7842K, committed 7936K, reserved 1048576K
GC Heap History (10 events):
Event: 4.941 GC heap after
Heap after GC invocations=10 (full 1):
 PSYoungGen      total 126976K, used 8695K [0x00000000e0000000, 0x00000000e8a00000, 0x0000000100000000)
  eden space 118272K, 0% used [0x00000000e0000000,0x00000000e0000000,0x00000000e7380000)
  from space 8704K, 99% used [0x00000000e7380000,0x00000000e7bfdfe0,0x00000000e7c00000)
  to   space 11264K, 0% used [0x00000000e7f00000,0x00000000e7f00000,0x00000000e8a00000)
 ParOldGen       total 35328K, used 12788K [0x00000000a0000000, 0x00000000a2280000, 0x00000000e0000000)
  object space 35328K, 36% used [0x00000000a0000000,0x00000000a0c7d0f8,0x00000000a2280000)
 Metaspace       used 34395K, capacity 34950K, committed 35200K, reserved 1079296K
  class space    used 4719K, capacity 4909K, committed 4992K, reserved 1048576K
}
Event: 5.024 GC heap before
{Heap before GC invocations=11 (full 1):
 PSYoungGen      total 126976K, used 13297K [0x00000000e0000000, 0x00000000e8a00000, 0x0000000100000000)
  eden space 118272K, 3% used [0x00000000e0000000,0x00000000e047e5f8,0x00000000e7380000)
  from space 8704K, 99% used [0x00000000e7380000,0x00000000e7bfdfe0,0x00000000e7c00000)
  to   space 11264K, 0% used [0x00000000e7f00000,0x00000000e7f00000,0x00000000e8a00000)
 ParOldGen       total 35328K, used 12788K [0x00000000a0000000, 0x00000000a2280000, 0x00000000e0000000)
  object space 35328K, 36% used [0x00000000a0000000,0x00000000a0c7d0f8,0x00000000a2280000)
 Metaspace       used 34861K, capacity 35334K, committed 35416K, reserved 1079296K
  class space    used 4781K, capacity 4973K, committed 4992K, reserved 1048576K
Event: 5.030 GC heap after
Heap after GC invocations=11 (full 1):
 PSYoungGen      total 130048K, used 6921K [0x00000000e0000000, 0x00000000eb300000, 0x0000000100000000)
  eden space 118784K, 0% used [0x00000000e0000000,0x00000000e0000000,0x00000000e7400000)
  from space 11264K, 61% used [0x00000000e7f00000,0x00000000e85c27b0,0x00000000e8a00000)
  to   space 11264K, 0% used [0x00000000e7400000,0x00000000e7400000,0x00000000e7f00000)
 ParOldGen       total 35328K, used 12796K [0x00000000a0000000, 0x00000000a2280000, 0x00000000e0000000)
  object space 35328K, 36% used [0x00000000a0000000,0x00000000a0c7f0f8,0x00000000a2280000)
 Metaspace       used 34861K, capacity 35334K, committed 35416K, reserved 1079296K
  class space    used 4781K, capacity 4973K, committed 4992K, reserved 1048576K
}
Event: 5.030 GC heap before
{Heap before GC invocations=12 (full 2):
 PSYoungGen      total 130048K, used 6921K [0x00000000e0000000, 0x00000000eb300000, 0x0000000100000000)
  eden space 118784K, 0% used [0x00000000e0000000,0x00000000e0000000,0x00000000e7400000)
  from space 11264K, 61% used [0x00000000e7f00000,0x00000000e85c27b0,0x00000000e8a00000)
  to   space 11264K, 0% used [0x00000000e7400000,0x00000000e7400000,0x00000000e7f00000)
 ParOldGen       total 35328K, used 12796K [0x00000000a0000000, 0x00000000a2280000, 0x00000000e0000000)
  object space 35328K, 36% used [0x00000000a0000000,0x00000000a0c7f0f8,0x00000000a2280000)
 Metaspace       used 34861K, capacity 35334K, committed 35416K, reserved 1079296K
  class space    used 4781K, capacity 4973K, committed 4992K, reserved 1048576K
Event: 5.079 GC heap after
Heap after GC invocations=12 (full 2):
 PSYoungGen      total 130048K, used 0K [0x00000000e0000000, 0x00000000eb300000, 0x0000000100000000)
  eden space 118784K, 0% used [0x00000000e0000000,0x00000000e0000000,0x00000000e7400000)
  from space 11264K, 0% used [0x00000000e7f00000,0x00000000e7f00000,0x00000000e8a00000)
  to   space 11264K, 0% used [0x00000000e7400000,0x00000000e7400000,0x00000000e7f00000)
 ParOldGen       total 50176K, used 13866K [0x00000000a0000000, 0x00000000a3100000, 0x00000000e0000000)
  object space 50176K, 27% used [0x00000000a0000000,0x00000000a0d8a958,0x00000000a3100000)
 Metaspace       used 34861K, capacity 35334K, committed 35416K, reserved 1079296K
  class space    used 4781K, capacity 4973K, committed 4992K, reserved 1048576K
}
Event: 6.616 GC heap before
{Heap before GC invocations=13 (full 2):
 PSYoungGen      total 130048K, used 118784K [0x00000000e0000000, 0x00000000eb300000, 0x0000000100000000)
  eden space 118784K, 100% used [0x00000000e0000000,0x00000000e7400000,0x00000000e7400000)
  from space 11264K, 0% used [0x00000000e7f00000,0x00000000e7f00000,0x00000000e8a00000)
  to   space 11264K, 0% used [0x00000000e7400000,0x00000000e7400000,0x00000000e7f00000)
 ParOldGen       total 50176K, used 13866K [0x00000000a0000000, 0x00000000a3100000, 0x00000000e0000000)
  object space 50176K, 27% used [0x00000000a0000000,0x00000000a0d8a958,0x00000000a3100000)
 Metaspace       used 41879K, capacity 42622K, committed 42840K, reserved 1085440K
  class space    used 5776K, capacity 6010K, committed 6016K, reserved 1048576K
Event: 6.640 GC heap after
Heap after GC invocations=13 (full 2):
 PSYoungGen      total 130048K, used 11247K [0x00000000e0000000, 0x00000000eb600000, 0x0000000100000000)
  eden space 118784K, 0% used [0x00000000e0000000,0x00000000e0000000,0x00000000e7400000)
  from space 11264K, 99% used [0x00000000e7400000,0x00000000e7efbcf0,0x00000000e7f00000)
  to   space 13312K, 0% used [0x00000000ea900000,0x00000000ea900000,0x00000000eb600000)
 ParOldGen       total 50176K, used 15208K [0x00000000a0000000, 0x00000000a3100000, 0x00000000e0000000)
  object space 50176K, 30% used [0x00000000a0000000,0x00000000a0eda268,0x00000000a3100000)
 Metaspace       used 41879K, capacity 42622K, committed 42840K, reserved 1085440K
  class space    used 5776K, capacity 6010K, committed 6016K, reserved 1048576K
}
Event: 11.775 GC heap before
{Heap before GC invocations=14 (full 2):
 PSYoungGen      total 130048K, used 130031K [0x00000000e0000000, 0x00000000eb600000, 0x0000000100000000)
  eden space 118784K, 100% used [0x00000000e0000000,0x00000000e7400000,0x00000000e7400000)
  from space 11264K, 99% used [0x00000000e7400000,0x00000000e7efbcf0,0x00000000e7f00000)
  to   space 13312K, 0% used [0x00000000ea900000,0x00000000ea900000,0x00000000eb600000)
 ParOldGen       total 50176K, used 15208K [0x00000000a0000000, 0x00000000a3100000, 0x00000000e0000000)
  object space 50176K, 30% used [0x00000000a0000000,0x00000000a0eda268,0x00000000a3100000)
 Metaspace       used 51036K, capacity 52486K, committed 52696K, reserved 1095680K
  class space    used 7009K, capacity 7332K, committed 7424K, reserved 1048576K
Event: 11.853 GC heap after
Heap after GC invocations=14 (full 2):
 PSYoungGen      total 167936K, used 10921K [0x00000000e0000000, 0x00000000eb480000, 0x0000000100000000)
  eden space 156160K, 0% used [0x00000000e0000000,0x00000000e0000000,0x00000000e9880000)
  from space 11776K, 92% used [0x00000000ea900000,0x00000000eb3aa7f8,0x00000000eb480000)
  to   space 14336K, 0% used [0x00000000e9880000,0x00000000e9880000,0x00000000ea680000)
 ParOldGen       total 50176K, used 23222K [0x00000000a0000000, 0x00000000a3100000, 0x00000000e0000000)
  object space 50176K, 46% used [0x00000000a0000000,0x00000000a16adbf0,0x00000000a3100000)
 Metaspace       used 51036K, capacity 52486K, committed 52696K, reserved 1095680K
  class space    used 7009K, capacity 7332K, committed 7424K, reserved 1048576K
}
Event: 85.551 GC heap before
{Heap before GC invocations=15 (full 2):
 PSYoungGen      total 167936K, used 167081K [0x00000000e0000000, 0x00000000eb480000, 0x0000000100000000)
  eden space 156160K, 100% used [0x00000000e0000000,0x00000000e9880000,0x00000000e9880000)
  from space 11776K, 92% used [0x00000000ea900000,0x00000000eb3aa7f8,0x00000000eb480000)
  to   space 14336K, 0% used [0x00000000e9880000,0x00000000e9880000,0x00000000ea680000)
 ParOldGen       total 50176K, used 23222K [0x00000000a0000000, 0x00000000a3100000, 0x00000000e0000000)
  object space 50176K, 46% used [0x00000000a0000000,0x00000000a16adbf0,0x00000000a3100000)
 Metaspace       used 55675K, capacity 57218K, committed 57560K, reserved 1099776K
  class space    used 7494K, capacity 7842K, committed 7936K, reserved 1048576K

